# JRE version: Java(TM) SE Runtime Environment (19.0+36) (build 19+36-2238)
# Java VM: Java HotSpot(TM) 64-Bit Server VM (19+36-2238, mixed mode, sharing, tiered, compressed oops, compressed class ptrs, g1 gc, windows-amd64)
GC Precious Log:
 CardTable entry size: 512
 Card Set container configuration: InlinePtr #cards 4 size 8 Array Of Cards #cards 8 size 32 Howl #buckets 8 coarsen threshold 3686 Howl Bitmap #cards 512 size 80 coarsen threshold 460 Card regions per heap region 1 cards per card region 4096
 CPUs: 8 total, 8 available
 Memory: 16227M
 Large Page Support: Disabled
 NUMA Support: Disabled
 Compressed Oops: Enabled (Zero based)
 Heap Region Size: 2M
 Heap Min Capacity: 8M
 Heap Initial Capacity: 254M
 Heap Max Capacity: 4058M
 Pre-touch: Disabled
 Parallel Workers: 8
 Concurrent Workers: 2
 Concurrent Refinement Workers: 8
 Periodic GC: Disabled
Heap:
 garbage-first heap   total 61440K, used 21695K [0x0000000702600000, 0x0000000800000000)
  region size 2048K, 3 young (6144K), 1 survivors (2048K)
 Metaspace       used 35888K, committed 36288K, reserved 1114112K
  class space    used 4349K, committed 4544K, reserved 1048576K
GC Heap History (20 events):
Event: 0.983 GC heap before
{Heap before GC invocations=0 (full 0):
 garbage-first heap   total 260096K, used 20480K [0x0000000702600000, 0x0000000800000000)
  region size 2048K, 11 young (22528K), 0 survivors (0K)
 Metaspace       used 4866K, committed 4992K, reserved 1114112K
  class space    used 431K, committed 512K, reserved 1048576K
}
Event: 0.988 GC heap after
{Heap after GC invocations=1 (full 0):
 garbage-first heap   total 260096K, used 6748K [0x0000000702600000, 0x0000000800000000)
  region size 2048K, 2 young (4096K), 2 survivors (4096K)
 Metaspace       used 4866K, committed 4992K, reserved 1114112K
  class space    used 431K, committed 512K, reserved 1048576K
}
Event: 1.439 GC heap before
{Heap before GC invocations=1 (full 0):
 garbage-first heap   total 260096K, used 31324K [0x0000000702600000, 0x0000000800000000)
  region size 2048K, 15 young (30720K), 2 survivors (4096K)
 Metaspace       used 8138K, committed 8256K, reserved 1114112K
  class space    used 824K, committed 896K, reserved 1048576K
}
Event: 1.444 GC heap after
{Heap after GC invocations=2 (full 0):
 garbage-first heap   total 260096K, used 8108K [0x0000000702600000, 0x0000000800000000)
  region size 2048K, 1 young (2048K), 1 survivors (2048K)
 Metaspace       used 8138K, committed 8256K, reserved 1114112K
  class space    used 824K, committed 896K, reserved 1048576K
}
Event: 2.993 GC heap before
{Heap before GC invocations=2 (full 0):
 garbage-first heap   total 260096K, used 139180K [0x0000000702600000, 0x0000000800000000)
  region size 2048K, 67 young (137216K), 1 survivors (2048K)
 Metaspace       used 21295K, committed 21504K, reserved 1114112K
  class space    used 2461K, committed 2560K, reserved 1048576K
}
Event: 2.999 GC heap after
{Heap after GC invocations=3 (full 0):
 garbage-first heap   total 260096K, used 11761K [0x0000000702600000, 0x0000000800000000)
  region size 2048K, 3 young (6144K), 3 survivors (6144K)
 Metaspace       used 21295K, committed 21504K, reserved 1114112K
  class space    used 2461K, committed 2560K, reserved 1048576K
}
Event: 3.610 GC heap before
{Heap before GC invocations=4 (full 0):
 garbage-first heap   total 61440K, used 42481K [0x0000000702600000, 0x0000000800000000)
  region size 2048K, 18 young (36864K), 3 survivors (6144K)
 Metaspace       used 23083K, committed 23296K, reserved 1114112K
  class space    used 2714K, committed 2816K, reserved 1048576K
}
Event: 3.616 GC heap after
{Heap after GC invocations=5 (full 0):
 garbage-first heap   total 61440K, used 12967K [0x0000000702600000, 0x0000000800000000)
  region size 2048K, 1 young (2048K), 1 survivors (2048K)
 Metaspace       used 23083K, committed 23296K, reserved 1114112K
  class space    used 2714K, committed 2816K, reserved 1048576K
}
Event: 3.654 GC heap before
{Heap before GC invocations=5 (full 0):
 garbage-first heap   total 61440K, used 15015K [0x0000000702600000, 0x0000000800000000)
  region size 2048K, 2 young (4096K), 1 survivors (2048K)
 Metaspace       used 23252K, committed 23552K, reserved 1114112K
  class space    used 2741K, committed 2880K, reserved 1048576K
}
Event: 3.659 GC heap after
{Heap after GC invocations=6 (full 0):
 garbage-first heap   total 61440K, used 13076K [0x0000000702600000, 0x0000000800000000)
  region size 2048K, 1 young (2048K), 1 survivors (2048K)
 Metaspace       used 23252K, committed 23552K, reserved 1114112K
  class space    used 2741K, committed 2880K, reserved 1048576K
}
Event: 4.217 GC heap before
{Heap before GC invocations=6 (full 0):
 garbage-first heap   total 61440K, used 37652K [0x0000000702600000, 0x0000000800000000)
  region size 2048K, 14 young (28672K), 1 survivors (2048K)
 Metaspace       used 25064K, committed 25344K, reserved 1114112K
  class space    used 2969K, committed 3072K, reserved 1048576K
}
Event: 4.219 GC heap after
{Heap after GC invocations=7 (full 0):
 garbage-first heap   total 61440K, used 13742K [0x0000000702600000, 0x0000000800000000)
  region size 2048K, 1 young (2048K), 1 survivors (2048K)
 Metaspace       used 25064K, committed 25344K, reserved 1114112K
  class space    used 2969K, committed 3072K, reserved 1048576K
}
Event: 5.001 GC heap before
{Heap before GC invocations=7 (full 0):
 garbage-first heap   total 61440K, used 42414K [0x0000000702600000, 0x0000000800000000)
  region size 2048K, 15 young (30720K), 1 survivors (2048K)
 Metaspace       used 27437K, committed 27776K, reserved 1114112K
  class space    used 3271K, committed 3456K, reserved 1048576K
}
Event: 5.004 GC heap after
{Heap after GC invocations=8 (full 0):
 garbage-first heap   total 61440K, used 14979K [0x0000000702600000, 0x0000000800000000)
  region size 2048K, 2 young (4096K), 2 survivors (4096K)
 Metaspace       used 27437K, committed 27776K, reserved 1114112K
  class space    used 3271K, committed 3456K, reserved 1048576K
}
Event: 5.633 GC heap before
{Heap before GC invocations=8 (full 0):
 garbage-first heap   total 61440K, used 43651K [0x0000000702600000, 0x0000000800000000)
  region size 2048K, 16 young (32768K), 2 survivors (4096K)
 Metaspace       used 30167K, committed 30464K, reserved 1114112K
  class space    used 3648K, committed 3776K, reserved 1048576K
}
Event: 5.639 GC heap after
{Heap after GC invocations=9 (full 0):
 garbage-first heap   total 61440K, used 16550K [0x0000000702600000, 0x0000000800000000)
  region size 2048K, 2 young (4096K), 2 survivors (4096K)
 Metaspace       used 30167K, committed 30464K, reserved 1114112K
  class space    used 3648K, committed 3776K, reserved 1048576K
}
Event: 6.531 GC heap before
{Heap before GC invocations=9 (full 0):
 garbage-first heap   total 61440K, used 45222K [0x0000000702600000, 0x0000000800000000)
  region size 2048K, 16 young (32768K), 2 survivors (4096K)
 Metaspace       used 32968K, committed 33280K, reserved 1114112K
  class space    used 3966K, committed 4096K, reserved 1048576K
}
Event: 6.538 GC heap after
{Heap after GC invocations=10 (full 0):
 garbage-first heap   total 61440K, used 18226K [0x0000000702600000, 0x0000000800000000)
  region size 2048K, 2 young (4096K), 2 survivors (4096K)
 Metaspace       used 32968K, committed 33280K, reserved 1114112K
  class space    used 3966K, committed 4096K, reserved 1048576K
}
Event: 7.301 GC heap before
{Heap before GC invocations=10 (full 0):
 garbage-first heap   total 61440K, used 42802K [0x0000000702600000, 0x0000000800000000)
  region size 2048K, 15 young (30720K), 2 survivors (4096K)
 Metaspace       used 34838K, committed 35264K, reserved 1114112K
  class space    used 4202K, committed 4416K, reserved 1048576K
}
Event: 7.307 GC heap after
{Heap after GC invocations=11 (full 0):
 garbage-first heap   total 61440K, used 19279K [0x0000000702600000, 0x0000000800000000)
  region size 2048K, 2 young (4096K), 2 survivors (4096K)
 Metaspace       used 34838K, committed 35264K, reserved 1114112K
  class space    used 4202K, committed 4416K, reserved 1048576K
}

